This file contains any messages produced by compilers while
running configure, to aid debugging if configure makes a mistake.

It was created by mtcp configure 3, which was
generated by GNU Autoconf 2.69.  Invocation command line was

  $ ./configure --with-dpdk-lib=/root/ws/nw/dsa-accelerated-mtcp/mtcp/dpdk/x86_64-native-linuxapp-gcc CFLAGS=-DMAX_CPUS=8 --no-create --no-recursion

## --------- ##
## Platform. ##
## --------- ##

hostname = icx23
uname -m = x86_64
uname -r = 5.4.0-77-generic
uname -s = Linux
uname -v = #86~18.04.1-Ubuntu SMP Fri Jun 18 01:23:22 UTC 2021

/usr/bin/uname -p = unknown
/bin/uname -X     = unknown

/bin/arch              = unknown
/usr/bin/arch -k       = unknown
/usr/convex/getsysinfo = unknown
/usr/bin/hostinfo      = unknown
/bin/machine           = unknown
/usr/bin/oslevel       = unknown
/bin/universe          = unknown

PATH: /usr/local/sbin
PATH: /usr/local/bin
PATH: /usr/sbin
PATH: /usr/bin
PATH: /sbin
PATH: /bin
PATH: /usr/games
PATH: /usr/local/games
PATH: /snap/bin
PATH: /root/local-pkgs/sbin
PATH: /root/local-pkgs/bin


## ----------- ##
## Core tests. ##
## ----------- ##

configure:2431: checking for gcc
configure:2447: found /usr/bin/gcc
configure:2458: result: gcc
configure:2687: checking for C compiler version
configure:2696: gcc --version >&5
gcc (Ubuntu 8.4.0-1ubuntu1~18.04) 8.4.0
Copyright (C) 2018 Free Software Foundation, Inc.
This is free software; see the source for copying conditions.  There is NO
warranty; not even for MERCHANTABILITY or FITNESS FOR A PARTICULAR PURPOSE.

configure:2707: $? = 0
configure:2696: gcc -v >&5
Using built-in specs.
COLLECT_GCC=gcc
COLLECT_LTO_WRAPPER=/usr/lib/gcc/x86_64-linux-gnu/8/lto-wrapper
OFFLOAD_TARGET_NAMES=nvptx-none
OFFLOAD_TARGET_DEFAULT=1
Target: x86_64-linux-gnu
Configured with: ../src/configure -v --with-pkgversion='Ubuntu 8.4.0-1ubuntu1~18.04' --with-bugurl=file:///usr/share/doc/gcc-8/README.Bugs --enable-languages=c,ada,c++,go,brig,d,fortran,objc,obj-c++ --prefix=/usr --with-gcc-major-version-only --program-suffix=-8 --program-prefix=x86_64-linux-gnu- --enable-shared --enable-linker-build-id --libexecdir=/usr/lib --without-included-gettext --enable-threads=posix --libdir=/usr/lib --enable-nls --enable-clocale=gnu --enable-libstdcxx-debug --enable-libstdcxx-time=yes --with-default-libstdcxx-abi=new --enable-gnu-unique-object --disable-vtable-verify --enable-libmpx --enable-plugin --enable-default-pie --with-system-zlib --with-target-system-zlib=auto --enable-objc-gc=auto --enable-multiarch --disable-werror --with-arch-32=i686 --with-abi=m64 --with-multilib-list=m32,m64,mx32 --enable-multilib --with-tune=generic --enable-offload-targets=nvptx-none --without-cuda-driver --enable-checking=release --build=x86_64-linux-gnu --host=x86_64-linux-gnu --target=x86_64-linux-gnu
Thread model: posix
gcc version 8.4.0 (Ubuntu 8.4.0-1ubuntu1~18.04) 
configure:2707: $? = 0
configure:2696: gcc -V >&5
gcc: error: unrecognized command line option '-V'
gcc: fatal error: no input files
compilation terminated.
configure:2707: $? = 1
configure:2696: gcc -qversion >&5
gcc: error: unrecognized command line option '-qversion'; did you mean '--version'?
gcc: fatal error: no input files
compilation terminated.
configure:2707: $? = 1
configure:2727: checking whether the C compiler works
configure:2749: gcc -DMAX_CPUS=8   conftest.c  >&5
configure:2753: $? = 0
configure:2801: result: yes
configure:2804: checking for C compiler default output file name
configure:2806: result: a.out
configure:2812: checking for suffix of executables
configure:2819: gcc -o conftest -DMAX_CPUS=8   conftest.c  >&5
configure:2823: $? = 0
configure:2845: result: 
configure:2867: checking whether we are cross compiling
configure:2875: gcc -o conftest -DMAX_CPUS=8   conftest.c  >&5
configure:2879: $? = 0
configure:2886: ./conftest
configure:2890: $? = 0
configure:2905: result: no
configure:2910: checking for suffix of object files
configure:2932: gcc -c -DMAX_CPUS=8  conftest.c >&5
configure:2936: $? = 0
configure:2957: result: o
configure:2961: checking whether we are using the GNU C compiler
configure:2980: gcc -c -DMAX_CPUS=8  conftest.c >&5
configure:2980: $? = 0
configure:2989: result: yes
configure:2998: checking whether gcc accepts -g
configure:3018: gcc -c -g  conftest.c >&5
configure:3018: $? = 0
configure:3059: result: yes
configure:3076: checking for gcc option to accept ISO C89
configure:3139: gcc  -c -DMAX_CPUS=8  conftest.c >&5
configure:3139: $? = 0
configure:3152: result: none needed
configure:3209: checking whether gcc understands -c and -o together
configure:3231: gcc -c conftest.c -o conftest2.o
configure:3234: $? = 0
configure:3231: gcc -c conftest.c -o conftest2.o
configure:3234: $? = 0
configure:3246: result: yes
configure:3306: checking for ranlib
configure:3322: found /usr/bin/ranlib
configure:3333: result: ranlib
configure:3365: checking for bc
configure:3381: found /usr/bin/bc
configure:3392: result: yes
configure:3411: checking how to run the C preprocessor
configure:3442: gcc -E  conftest.c
configure:3442: $? = 0
configure:3456: gcc -E  conftest.c
conftest.c:9:10: fatal error: ac_nonexistent.h: No such file or directory
 #include <ac_nonexistent.h>
          ^~~~~~~~~~~~~~~~~~
compilation terminated.
configure:3456: $? = 1
configure: failed program was:
| /* confdefs.h */
| #define PACKAGE_NAME "mtcp"
| #define PACKAGE_TARNAME "mtcp"
| #define PACKAGE_VERSION "3"
| #define PACKAGE_STRING "mtcp 3"
| #define PACKAGE_BUGREPORT "mtcp-user@list.ndsl.kaist.edu"
| #define PACKAGE_URL ""
| /* end confdefs.h.  */
| #include <ac_nonexistent.h>
configure:3481: result: gcc -E
configure:3501: gcc -E  conftest.c
configure:3501: $? = 0
configure:3515: gcc -E  conftest.c
conftest.c:9:10: fatal error: ac_nonexistent.h: No such file or directory
 #include <ac_nonexistent.h>
          ^~~~~~~~~~~~~~~~~~
compilation terminated.
configure:3515: $? = 1
configure: failed program was:
| /* confdefs.h */
| #define PACKAGE_NAME "mtcp"
| #define PACKAGE_TARNAME "mtcp"
| #define PACKAGE_VERSION "3"
| #define PACKAGE_STRING "mtcp 3"
| #define PACKAGE_BUGREPORT "mtcp-user@list.ndsl.kaist.edu"
| #define PACKAGE_URL ""
| /* end confdefs.h.  */
| #include <ac_nonexistent.h>
configure:3544: checking for grep that handles long lines and -e
configure:3602: result: /bin/grep
configure:3607: checking for egrep
configure:3669: result: /bin/grep -E
configure:3674: checking for ANSI C header files
configure:3694: gcc -c -DMAX_CPUS=8  conftest.c >&5
configure:3694: $? = 0
configure:3767: gcc -o conftest -DMAX_CPUS=8   conftest.c  >&5
configure:3767: $? = 0
configure:3767: ./conftest
configure:3767: $? = 0
configure:3778: result: yes
configure:3791: checking for sys/types.h
configure:3791: gcc -c -DMAX_CPUS=8  conftest.c >&5
configure:3791: $? = 0
configure:3791: result: yes
configure:3791: checking for sys/stat.h
configure:3791: gcc -c -DMAX_CPUS=8  conftest.c >&5
configure:3791: $? = 0
configure:3791: result: yes
configure:3791: checking for stdlib.h
configure:3791: gcc -c -DMAX_CPUS=8  conftest.c >&5
configure:3791: $? = 0
configure:3791: result: yes
configure:3791: checking for string.h
configure:3791: gcc -c -DMAX_CPUS=8  conftest.c >&5
configure:3791: $? = 0
configure:3791: result: yes
configure:3791: checking for memory.h
configure:3791: gcc -c -DMAX_CPUS=8  conftest.c >&5
configure:3791: $? = 0
configure:3791: result: yes
configure:3791: checking for strings.h
configure:3791: gcc -c -DMAX_CPUS=8  conftest.c >&5
configure:3791: $? = 0
configure:3791: result: yes
configure:3791: checking for inttypes.h
configure:3791: gcc -c -DMAX_CPUS=8  conftest.c >&5
configure:3791: $? = 0
configure:3791: result: yes
configure:3791: checking for stdint.h
configure:3791: gcc -c -DMAX_CPUS=8  conftest.c >&5
configure:3791: $? = 0
configure:3791: result: yes
configure:3791: checking for unistd.h
configure:3791: gcc -c -DMAX_CPUS=8  conftest.c >&5
configure:3791: $? = 0
configure:3791: result: yes
configure:3803: checking linux/sched.h usability
configure:3803: gcc -c -DMAX_CPUS=8  conftest.c >&5
configure:3803: $? = 0
configure:3803: result: yes
configure:3803: checking linux/sched.h presence
configure:3803: gcc -E  conftest.c
configure:3803: $? = 0
configure:3803: result: yes
configure:3803: checking for linux/sched.h
configure:3803: result: yes
configure:3811: checking pthread.h usability
configure:3811: gcc -c -DMAX_CPUS=8  conftest.c >&5
configure:3811: $? = 0
configure:3811: result: yes
configure:3811: checking pthread.h presence
configure:3811: gcc -E  conftest.c
configure:3811: $? = 0
configure:3811: result: yes
configure:3811: checking for pthread.h
configure:3811: result: yes
configure:3819: checking numa.h usability
configure:3819: gcc -c -DMAX_CPUS=8  conftest.c >&5
configure:3819: $? = 0
configure:3819: result: yes
configure:3819: checking numa.h presence
configure:3819: gcc -E  conftest.c
configure:3819: $? = 0
configure:3819: result: yes
configure:3819: checking for numa.h
configure:3819: result: yes
configure:3827: checking arpa/inet.h usability
configure:3827: gcc -c -DMAX_CPUS=8  conftest.c >&5
configure:3827: $? = 0
configure:3827: result: yes
configure:3827: checking arpa/inet.h presence
configure:3827: gcc -E  conftest.c
configure:3827: $? = 0
configure:3827: result: yes
configure:3827: checking for arpa/inet.h
configure:3827: result: yes
configure:3835: checking fcntl.h usability
configure:3835: gcc -c -DMAX_CPUS=8  conftest.c >&5
configure:3835: $? = 0
configure:3835: result: yes
configure:3835: checking fcntl.h presence
configure:3835: gcc -E  conftest.c
configure:3835: $? = 0
configure:3835: result: yes
configure:3835: checking for fcntl.h
configure:3835: result: yes
configure:3843: checking limits.h usability
configure:3843: gcc -c -DMAX_CPUS=8  conftest.c >&5
configure:3843: $? = 0
configure:3843: result: yes
configure:3843: checking limits.h presence
configure:3843: gcc -E  conftest.c
configure:3843: $? = 0
configure:3843: result: yes
configure:3843: checking for limits.h
configure:3843: result: yes
configure:3851: checking netdb.h usability
configure:3851: gcc -c -DMAX_CPUS=8  conftest.c >&5
configure:3851: $? = 0
configure:3851: result: yes
configure:3851: checking netdb.h presence
configure:3851: gcc -E  conftest.c
configure:3851: $? = 0
configure:3851: result: yes
configure:3851: checking for netdb.h
configure:3851: result: yes
configure:3859: checking netinet/in.h usability
configure:3859: gcc -c -DMAX_CPUS=8  conftest.c >&5
configure:3859: $? = 0
configure:3859: result: yes
configure:3859: checking netinet/in.h presence
configure:3859: gcc -E  conftest.c
configure:3859: $? = 0
configure:3859: result: yes
configure:3859: checking for netinet/in.h
configure:3859: result: yes
configure:3867: checking for stdint.h
configure:3867: result: yes
configure:3875: checking for stdlib.h
configure:3875: result: yes
configure:3883: checking for string.h
configure:3883: result: yes
configure:3891: checking sys/ioctl.h usability
configure:3891: gcc -c -DMAX_CPUS=8  conftest.c >&5
configure:3891: $? = 0
configure:3891: result: yes
configure:3891: checking sys/ioctl.h presence
configure:3891: gcc -E  conftest.c
configure:3891: $? = 0
configure:3891: result: yes
configure:3891: checking for sys/ioctl.h
configure:3891: result: yes
configure:3899: checking sys/socket.h usability
configure:3899: gcc -c -DMAX_CPUS=8  conftest.c >&5
configure:3899: $? = 0
configure:3899: result: yes
configure:3899: checking sys/socket.h presence
configure:3899: gcc -E  conftest.c
configure:3899: $? = 0
configure:3899: result: yes
configure:3899: checking for sys/socket.h
configure:3899: result: yes
configure:3907: checking sys/time.h usability
configure:3907: gcc -c -DMAX_CPUS=8  conftest.c >&5
configure:3907: $? = 0
configure:3907: result: yes
configure:3907: checking sys/time.h presence
configure:3907: gcc -E  conftest.c
configure:3907: $? = 0
configure:3907: result: yes
configure:3907: checking for sys/time.h
configure:3907: result: yes
configure:3915: checking for unistd.h
configure:3915: result: yes
configure:3923: checking gmp.h usability
configure:3923: gcc -c -DMAX_CPUS=8  conftest.c >&5
configure:3923: $? = 0
configure:3923: result: yes
configure:3923: checking gmp.h presence
configure:3923: gcc -E  conftest.c
configure:3923: $? = 0
configure:3923: result: yes
configure:3923: checking for gmp.h
configure:3923: result: yes
configure:3941: checking for inline
configure:3957: gcc -c -DMAX_CPUS=8  conftest.c >&5
configure:3957: $? = 0
configure:3965: result: inline
configure:3983: checking for int16_t
configure:3983: gcc -c -DMAX_CPUS=8  conftest.c >&5
configure:3983: $? = 0
configure:3983: gcc -c -DMAX_CPUS=8  conftest.c >&5
conftest.c: In function 'main':
conftest.c:56:12: error: size of array 'test_array' is negative
 static int test_array [1 - 2 * !((int16_t) (((((int16_t) 1 << N) << N) - 1) * 2 + 1)
            ^~~~~~~~~~
configure:3983: $? = 1
configure: failed program was:
| /* confdefs.h */
| #define PACKAGE_NAME "mtcp"
| #define PACKAGE_TARNAME "mtcp"
| #define PACKAGE_VERSION "3"
| #define PACKAGE_STRING "mtcp 3"
| #define PACKAGE_BUGREPORT "mtcp-user@list.ndsl.kaist.edu"
| #define PACKAGE_URL ""
| #define STDC_HEADERS 1
| #define HAVE_SYS_TYPES_H 1
| #define HAVE_SYS_STAT_H 1
| #define HAVE_STDLIB_H 1
| #define HAVE_STRING_H 1
| #define HAVE_MEMORY_H 1
| #define HAVE_STRINGS_H 1
| #define HAVE_INTTYPES_H 1
| #define HAVE_STDINT_H 1
| #define HAVE_UNISTD_H 1
| /* end confdefs.h.  */
| #include <stdio.h>
| #ifdef HAVE_SYS_TYPES_H
| # include <sys/types.h>
| #endif
| #ifdef HAVE_SYS_STAT_H
| # include <sys/stat.h>
| #endif
| #ifdef STDC_HEADERS
| # include <stdlib.h>
| # include <stddef.h>
| #else
| # ifdef HAVE_STDLIB_H
| #  include <stdlib.h>
| # endif
| #endif
| #ifdef HAVE_STRING_H
| # if !defined STDC_HEADERS && defined HAVE_MEMORY_H
| #  include <memory.h>
| # endif
| # include <string.h>
| #endif
| #ifdef HAVE_STRINGS_H
| # include <strings.h>
| #endif
| #ifdef HAVE_INTTYPES_H
| # include <inttypes.h>
| #endif
| #ifdef HAVE_STDINT_H
| # include <stdint.h>
| #endif
| #ifdef HAVE_UNISTD_H
| # include <unistd.h>
| #endif
| 	        enum { N = 16 / 2 - 1 };
| int
| main ()
| {
| static int test_array [1 - 2 * !((int16_t) (((((int16_t) 1 << N) << N) - 1) * 2 + 1)
| 		 < (int16_t) (((((int16_t) 1 << N) << N) - 1) * 2 + 2))];
| test_array [0] = 0;
| return test_array [0];
| 
|   ;
|   return 0;
| }
configure:3983: result: yes
configure:3994: checking for int32_t
configure:3994: gcc -c -DMAX_CPUS=8  conftest.c >&5
configure:3994: $? = 0
configure:3994: gcc -c -DMAX_CPUS=8  conftest.c >&5
conftest.c: In function 'main':
conftest.c:57:53: warning: integer overflow in expression of type 'int' results in '-2147483648' [-Woverflow]
    < (int32_t) (((((int32_t) 1 << N) << N) - 1) * 2 + 2))];
                                                     ^
conftest.c:56:12: error: storage size of 'test_array' isn't constant
 static int test_array [1 - 2 * !((int32_t) (((((int32_t) 1 << N) << N) - 1) * 2 + 1)
            ^~~~~~~~~~
configure:3994: $? = 1
configure: failed program was:
| /* confdefs.h */
| #define PACKAGE_NAME "mtcp"
| #define PACKAGE_TARNAME "mtcp"
| #define PACKAGE_VERSION "3"
| #define PACKAGE_STRING "mtcp 3"
| #define PACKAGE_BUGREPORT "mtcp-user@list.ndsl.kaist.edu"
| #define PACKAGE_URL ""
| #define STDC_HEADERS 1
| #define HAVE_SYS_TYPES_H 1
| #define HAVE_SYS_STAT_H 1
| #define HAVE_STDLIB_H 1
| #define HAVE_STRING_H 1
| #define HAVE_MEMORY_H 1
| #define HAVE_STRINGS_H 1
| #define HAVE_INTTYPES_H 1
| #define HAVE_STDINT_H 1
| #define HAVE_UNISTD_H 1
| /* end confdefs.h.  */
| #include <stdio.h>
| #ifdef HAVE_SYS_TYPES_H
| # include <sys/types.h>
| #endif
| #ifdef HAVE_SYS_STAT_H
| # include <sys/stat.h>
| #endif
| #ifdef STDC_HEADERS
| # include <stdlib.h>
| # include <stddef.h>
| #else
| # ifdef HAVE_STDLIB_H
| #  include <stdlib.h>
| # endif
| #endif
| #ifdef HAVE_STRING_H
| # if !defined STDC_HEADERS && defined HAVE_MEMORY_H
| #  include <memory.h>
| # endif
| # include <string.h>
| #endif
| #ifdef HAVE_STRINGS_H
| # include <strings.h>
| #endif
| #ifdef HAVE_INTTYPES_H
| # include <inttypes.h>
| #endif
| #ifdef HAVE_STDINT_H
| # include <stdint.h>
| #endif
| #ifdef HAVE_UNISTD_H
| # include <unistd.h>
| #endif
| 	        enum { N = 32 / 2 - 1 };
| int
| main ()
| {
| static int test_array [1 - 2 * !((int32_t) (((((int32_t) 1 << N) << N) - 1) * 2 + 1)
| 		 < (int32_t) (((((int32_t) 1 << N) << N) - 1) * 2 + 2))];
| test_array [0] = 0;
| return test_array [0];
| 
|   ;
|   return 0;
| }
configure:3994: result: yes
configure:4005: checking for int64_t
configure:4005: gcc -c -DMAX_CPUS=8  conftest.c >&5
configure:4005: $? = 0
configure:4005: gcc -c -DMAX_CPUS=8  conftest.c >&5
conftest.c: In function 'main':
conftest.c:57:53: warning: integer overflow in expression of type 'long int' results in '-9223372036854775808' [-Woverflow]
    < (int64_t) (((((int64_t) 1 << N) << N) - 1) * 2 + 2))];
                                                     ^
conftest.c:56:12: error: storage size of 'test_array' isn't constant
 static int test_array [1 - 2 * !((int64_t) (((((int64_t) 1 << N) << N) - 1) * 2 + 1)
            ^~~~~~~~~~
configure:4005: $? = 1
configure: failed program was:
| /* confdefs.h */
| #define PACKAGE_NAME "mtcp"
| #define PACKAGE_TARNAME "mtcp"
| #define PACKAGE_VERSION "3"
| #define PACKAGE_STRING "mtcp 3"
| #define PACKAGE_BUGREPORT "mtcp-user@list.ndsl.kaist.edu"
| #define PACKAGE_URL ""
| #define STDC_HEADERS 1
| #define HAVE_SYS_TYPES_H 1
| #define HAVE_SYS_STAT_H 1
| #define HAVE_STDLIB_H 1
| #define HAVE_STRING_H 1
| #define HAVE_MEMORY_H 1
| #define HAVE_STRINGS_H 1
| #define HAVE_INTTYPES_H 1
| #define HAVE_STDINT_H 1
| #define HAVE_UNISTD_H 1
| /* end confdefs.h.  */
| #include <stdio.h>
| #ifdef HAVE_SYS_TYPES_H
| # include <sys/types.h>
| #endif
| #ifdef HAVE_SYS_STAT_H
| # include <sys/stat.h>
| #endif
| #ifdef STDC_HEADERS
| # include <stdlib.h>
| # include <stddef.h>
| #else
| # ifdef HAVE_STDLIB_H
| #  include <stdlib.h>
| # endif
| #endif
| #ifdef HAVE_STRING_H
| # if !defined STDC_HEADERS && defined HAVE_MEMORY_H
| #  include <memory.h>
| # endif
| # include <string.h>
| #endif
| #ifdef HAVE_STRINGS_H
| # include <strings.h>
| #endif
| #ifdef HAVE_INTTYPES_H
| # include <inttypes.h>
| #endif
| #ifdef HAVE_STDINT_H
| # include <stdint.h>
| #endif
| #ifdef HAVE_UNISTD_H
| # include <unistd.h>
| #endif
| 	        enum { N = 64 / 2 - 1 };
| int
| main ()
| {
| static int test_array [1 - 2 * !((int64_t) (((((int64_t) 1 << N) << N) - 1) * 2 + 1)
| 		 < (int64_t) (((((int64_t) 1 << N) << N) - 1) * 2 + 2))];
| test_array [0] = 0;
| return test_array [0];
| 
|   ;
|   return 0;
| }
configure:4005: result: yes
configure:4016: checking for int8_t
configure:4016: gcc -c -DMAX_CPUS=8  conftest.c >&5
configure:4016: $? = 0
configure:4016: gcc -c -DMAX_CPUS=8  conftest.c >&5
conftest.c: In function 'main':
conftest.c:56:12: error: size of array 'test_array' is negative
 static int test_array [1 - 2 * !((int8_t) (((((int8_t) 1 << N) << N) - 1) * 2 + 1)
            ^~~~~~~~~~
configure:4016: $? = 1
configure: failed program was:
| /* confdefs.h */
| #define PACKAGE_NAME "mtcp"
| #define PACKAGE_TARNAME "mtcp"
| #define PACKAGE_VERSION "3"
| #define PACKAGE_STRING "mtcp 3"
| #define PACKAGE_BUGREPORT "mtcp-user@list.ndsl.kaist.edu"
| #define PACKAGE_URL ""
| #define STDC_HEADERS 1
| #define HAVE_SYS_TYPES_H 1
| #define HAVE_SYS_STAT_H 1
| #define HAVE_STDLIB_H 1
| #define HAVE_STRING_H 1
| #define HAVE_MEMORY_H 1
| #define HAVE_STRINGS_H 1
| #define HAVE_INTTYPES_H 1
| #define HAVE_STDINT_H 1
| #define HAVE_UNISTD_H 1
| /* end confdefs.h.  */
| #include <stdio.h>
| #ifdef HAVE_SYS_TYPES_H
| # include <sys/types.h>
| #endif
| #ifdef HAVE_SYS_STAT_H
| # include <sys/stat.h>
| #endif
| #ifdef STDC_HEADERS
| # include <stdlib.h>
| # include <stddef.h>
| #else
| # ifdef HAVE_STDLIB_H
| #  include <stdlib.h>
| # endif
| #endif
| #ifdef HAVE_STRING_H
| # if !defined STDC_HEADERS && defined HAVE_MEMORY_H
| #  include <memory.h>
| # endif
| # include <string.h>
| #endif
| #ifdef HAVE_STRINGS_H
| # include <strings.h>
| #endif
| #ifdef HAVE_INTTYPES_H
| # include <inttypes.h>
| #endif
| #ifdef HAVE_STDINT_H
| # include <stdint.h>
| #endif
| #ifdef HAVE_UNISTD_H
| # include <unistd.h>
| #endif
| 	        enum { N = 8 / 2 - 1 };
| int
| main ()
| {
| static int test_array [1 - 2 * !((int8_t) (((((int8_t) 1 << N) << N) - 1) * 2 + 1)
| 		 < (int8_t) (((((int8_t) 1 << N) << N) - 1) * 2 + 2))];
| test_array [0] = 0;
| return test_array [0];
| 
|   ;
|   return 0;
| }
configure:4016: result: yes
configure:4027: checking for pid_t
configure:4027: gcc -c -DMAX_CPUS=8  conftest.c >&5
configure:4027: $? = 0
configure:4027: gcc -c -DMAX_CPUS=8  conftest.c >&5
conftest.c: In function 'main':
conftest.c:55:20: error: expected expression before ')' token
 if (sizeof ((pid_t)))
                    ^
configure:4027: $? = 1
configure: failed program was:
| /* confdefs.h */
| #define PACKAGE_NAME "mtcp"
| #define PACKAGE_TARNAME "mtcp"
| #define PACKAGE_VERSION "3"
| #define PACKAGE_STRING "mtcp 3"
| #define PACKAGE_BUGREPORT "mtcp-user@list.ndsl.kaist.edu"
| #define PACKAGE_URL ""
| #define STDC_HEADERS 1
| #define HAVE_SYS_TYPES_H 1
| #define HAVE_SYS_STAT_H 1
| #define HAVE_STDLIB_H 1
| #define HAVE_STRING_H 1
| #define HAVE_MEMORY_H 1
| #define HAVE_STRINGS_H 1
| #define HAVE_INTTYPES_H 1
| #define HAVE_STDINT_H 1
| #define HAVE_UNISTD_H 1
| /* end confdefs.h.  */
| #include <stdio.h>
| #ifdef HAVE_SYS_TYPES_H
| # include <sys/types.h>
| #endif
| #ifdef HAVE_SYS_STAT_H
| # include <sys/stat.h>
| #endif
| #ifdef STDC_HEADERS
| # include <stdlib.h>
| # include <stddef.h>
| #else
| # ifdef HAVE_STDLIB_H
| #  include <stdlib.h>
| # endif
| #endif
| #ifdef HAVE_STRING_H
| # if !defined STDC_HEADERS && defined HAVE_MEMORY_H
| #  include <memory.h>
| # endif
| # include <string.h>
| #endif
| #ifdef HAVE_STRINGS_H
| # include <strings.h>
| #endif
| #ifdef HAVE_INTTYPES_H
| # include <inttypes.h>
| #endif
| #ifdef HAVE_STDINT_H
| # include <stdint.h>
| #endif
| #ifdef HAVE_UNISTD_H
| # include <unistd.h>
| #endif
| int
| main ()
| {
| if (sizeof ((pid_t)))
| 	    return 0;
|   ;
|   return 0;
| }
configure:4027: result: yes
configure:4038: checking for size_t
configure:4038: gcc -c -DMAX_CPUS=8  conftest.c >&5
configure:4038: $? = 0
configure:4038: gcc -c -DMAX_CPUS=8  conftest.c >&5
conftest.c: In function 'main':
conftest.c:55:21: error: expected expression before ')' token
 if (sizeof ((size_t)))
                     ^
configure:4038: $? = 1
configure: failed program was:
| /* confdefs.h */
| #define PACKAGE_NAME "mtcp"
| #define PACKAGE_TARNAME "mtcp"
| #define PACKAGE_VERSION "3"
| #define PACKAGE_STRING "mtcp 3"
| #define PACKAGE_BUGREPORT "mtcp-user@list.ndsl.kaist.edu"
| #define PACKAGE_URL ""
| #define STDC_HEADERS 1
| #define HAVE_SYS_TYPES_H 1
| #define HAVE_SYS_STAT_H 1
| #define HAVE_STDLIB_H 1
| #define HAVE_STRING_H 1
| #define HAVE_MEMORY_H 1
| #define HAVE_STRINGS_H 1
| #define HAVE_INTTYPES_H 1
| #define HAVE_STDINT_H 1
| #define HAVE_UNISTD_H 1
| /* end confdefs.h.  */
| #include <stdio.h>
| #ifdef HAVE_SYS_TYPES_H
| # include <sys/types.h>
| #endif
| #ifdef HAVE_SYS_STAT_H
| # include <sys/stat.h>
| #endif
| #ifdef STDC_HEADERS
| # include <stdlib.h>
| # include <stddef.h>
| #else
| # ifdef HAVE_STDLIB_H
| #  include <stdlib.h>
| # endif
| #endif
| #ifdef HAVE_STRING_H
| # if !defined STDC_HEADERS && defined HAVE_MEMORY_H
| #  include <memory.h>
| # endif
| # include <string.h>
| #endif
| #ifdef HAVE_STRINGS_H
| # include <strings.h>
| #endif
| #ifdef HAVE_INTTYPES_H
| # include <inttypes.h>
| #endif
| #ifdef HAVE_STDINT_H
| # include <stdint.h>
| #endif
| #ifdef HAVE_UNISTD_H
| # include <unistd.h>
| #endif
| int
| main ()
| {
| if (sizeof ((size_t)))
| 	    return 0;
|   ;
|   return 0;
| }
configure:4038: result: yes
configure:4049: checking for ssize_t
configure:4049: gcc -c -DMAX_CPUS=8  conftest.c >&5
configure:4049: $? = 0
configure:4049: gcc -c -DMAX_CPUS=8  conftest.c >&5
conftest.c: In function 'main':
conftest.c:55:22: error: expected expression before ')' token
 if (sizeof ((ssize_t)))
                      ^
configure:4049: $? = 1
configure: failed program was:
| /* confdefs.h */
| #define PACKAGE_NAME "mtcp"
| #define PACKAGE_TARNAME "mtcp"
| #define PACKAGE_VERSION "3"
| #define PACKAGE_STRING "mtcp 3"
| #define PACKAGE_BUGREPORT "mtcp-user@list.ndsl.kaist.edu"
| #define PACKAGE_URL ""
| #define STDC_HEADERS 1
| #define HAVE_SYS_TYPES_H 1
| #define HAVE_SYS_STAT_H 1
| #define HAVE_STDLIB_H 1
| #define HAVE_STRING_H 1
| #define HAVE_MEMORY_H 1
| #define HAVE_STRINGS_H 1
| #define HAVE_INTTYPES_H 1
| #define HAVE_STDINT_H 1
| #define HAVE_UNISTD_H 1
| /* end confdefs.h.  */
| #include <stdio.h>
| #ifdef HAVE_SYS_TYPES_H
| # include <sys/types.h>
| #endif
| #ifdef HAVE_SYS_STAT_H
| # include <sys/stat.h>
| #endif
| #ifdef STDC_HEADERS
| # include <stdlib.h>
| # include <stddef.h>
| #else
| # ifdef HAVE_STDLIB_H
| #  include <stdlib.h>
| # endif
| #endif
| #ifdef HAVE_STRING_H
| # if !defined STDC_HEADERS && defined HAVE_MEMORY_H
| #  include <memory.h>
| # endif
| # include <string.h>
| #endif
| #ifdef HAVE_STRINGS_H
| # include <strings.h>
| #endif
| #ifdef HAVE_INTTYPES_H
| # include <inttypes.h>
| #endif
| #ifdef HAVE_STDINT_H
| # include <stdint.h>
| #endif
| #ifdef HAVE_UNISTD_H
| # include <unistd.h>
| #endif
| int
| main ()
| {
| if (sizeof ((ssize_t)))
| 	    return 0;
|   ;
|   return 0;
| }
configure:4049: result: yes
configure:4060: checking for uint16_t
configure:4060: gcc -c -DMAX_CPUS=8  conftest.c >&5
configure:4060: $? = 0
configure:4060: result: yes
configure:4072: checking for uint32_t
configure:4072: gcc -c -DMAX_CPUS=8  conftest.c >&5
configure:4072: $? = 0
configure:4072: result: yes
configure:4086: checking for uint64_t
configure:4086: gcc -c -DMAX_CPUS=8  conftest.c >&5
configure:4086: $? = 0
configure:4086: result: yes
configure:4100: checking for uint8_t
configure:4100: gcc -c -DMAX_CPUS=8  conftest.c >&5
configure:4100: $? = 0
configure:4100: result: yes
configure:4118: checking for stdlib.h
configure:4118: result: yes
configure:4128: checking for GNU libc compatible malloc
configure:4152: gcc -o conftest -DMAX_CPUS=8   conftest.c  >&5
configure:4152: $? = 0
configure:4152: ./conftest
configure:4152: $? = 0
configure:4162: result: yes
configure:4189: checking for stdlib.h
configure:4189: result: yes
configure:4189: checking for unistd.h
configure:4189: result: yes
configure:4189: checking for sys/param.h
configure:4189: gcc -c -DMAX_CPUS=8  conftest.c >&5
configure:4189: $? = 0
configure:4189: result: yes
configure:4209: checking for getpagesize
configure:4209: gcc -o conftest -DMAX_CPUS=8   conftest.c  >&5
configure:4209: $? = 0
configure:4209: result: yes
configure:4218: checking for working mmap
configure:4367: gcc -o conftest -DMAX_CPUS=8   conftest.c  >&5
configure:4367: $? = 0
configure:4367: ./conftest
configure:4367: $? = 0
configure:4377: result: yes
configure:4386: checking for clock_gettime
configure:4386: gcc -o conftest -DMAX_CPUS=8   conftest.c  >&5
configure:4386: $? = 0
configure:4386: result: yes
configure:4396: checking for bzero
configure:4396: gcc -o conftest -DMAX_CPUS=8   conftest.c  >&5
conftest.c:49:6: warning: conflicting types for built-in function 'bzero' [-Wbuiltin-declaration-mismatch]
 char bzero ();
      ^~~~~
configure:4396: $? = 0
configure:4396: result: yes
configure:4396: checking for getpagesize
configure:4396: result: yes
configure:4396: checking for gettimeofday
configure:4396: gcc -o conftest -DMAX_CPUS=8   conftest.c  >&5
configure:4396: $? = 0
configure:4396: result: yes
configure:4396: checking for memmove
configure:4396: gcc -o conftest -DMAX_CPUS=8   conftest.c  >&5
conftest.c:52:6: warning: conflicting types for built-in function 'memmove' [-Wbuiltin-declaration-mismatch]
 char memmove ();
      ^~~~~~~
configure:4396: $? = 0
configure:4396: result: yes
configure:4396: checking for memset
configure:4396: gcc -o conftest -DMAX_CPUS=8   conftest.c  >&5
conftest.c:53:6: warning: conflicting types for built-in function 'memset' [-Wbuiltin-declaration-mismatch]
 char memset ();
      ^~~~~~
configure:4396: $? = 0
configure:4396: result: yes
configure:4396: checking for munmap
configure:4396: gcc -o conftest -DMAX_CPUS=8   conftest.c  >&5
configure:4396: $? = 0
configure:4396: result: yes
configure:4396: checking for select
configure:4396: gcc -o conftest -DMAX_CPUS=8   conftest.c  >&5
configure:4396: $? = 0
configure:4396: result: yes
configure:4396: checking for socket
configure:4396: gcc -o conftest -DMAX_CPUS=8   conftest.c  >&5
configure:4396: $? = 0
configure:4396: result: yes
configure:4396: checking for strchr
configure:4396: gcc -o conftest -DMAX_CPUS=8   conftest.c  >&5
conftest.c:57:6: warning: conflicting types for built-in function 'strchr' [-Wbuiltin-declaration-mismatch]
 char strchr ();
      ^~~~~~
configure:4396: $? = 0
configure:4396: result: yes
configure:4396: checking for strerror
configure:4396: gcc -o conftest -DMAX_CPUS=8   conftest.c  >&5
configure:4396: $? = 0
configure:4396: result: yes
configure:4396: checking for strstr
configure:4396: gcc -o conftest -DMAX_CPUS=8   conftest.c  >&5
conftest.c:59:6: warning: conflicting types for built-in function 'strstr' [-Wbuiltin-declaration-mismatch]
 char strstr ();
      ^~~~~~
configure:4396: $? = 0
configure:4396: result: yes
configure:4396: checking for strtol
configure:4396: gcc -o conftest -DMAX_CPUS=8   conftest.c  >&5
configure:4396: $? = 0
configure:4396: result: yes
configure:4619: checking for a BSD-compatible install
configure:4687: result: /usr/bin/install -c
configure:4698: checking whether build environment is sane
configure:4753: result: yes
configure:4901: checking for a thread-safe mkdir -p
configure:4940: result: /bin/mkdir -p
configure:4947: checking for gawk
configure:4963: found /usr/bin/gawk
configure:4974: result: gawk
configure:4985: checking whether make sets $(MAKE)
configure:5007: result: yes
configure:5037: checking for style of include used by make
configure:5065: result: GNU
configure:5099: checking whether make supports nested variables
configure:5116: result: yes
configure:5202: checking dependency style of gcc
configure:5313: result: none
configure:5488: checking that generated files are newer than configure
configure:5494: result: done
configure:5517: creating ./config.status
configure:6949: checking that generated files are newer than configure
configure:6955: result: done
configure:6982: creating ./config.status
configure:8415: checking that generated files are newer than configure
configure:8421: result: done
configure:8452: creating ./config.status
configure:9886: checking that generated files are newer than configure
configure:9892: result: done
configure:9927: creating ./config.status
configure:11362: checking that generated files are newer than configure
configure:11368: result: done
configure:11407: creating ./config.status

## ---------------- ##
## Cache variables. ##
## ---------------- ##

ac_cv_c_compiler_gnu=yes
ac_cv_c_inline=inline
ac_cv_c_int16_t=yes
ac_cv_c_int32_t=yes
ac_cv_c_int64_t=yes
ac_cv_c_int8_t=yes
ac_cv_c_uint16_t=yes
ac_cv_c_uint32_t=yes
ac_cv_c_uint64_t=yes
ac_cv_c_uint8_t=yes
ac_cv_env_CC_set=
ac_cv_env_CC_value=
ac_cv_env_CFLAGS_set=set
ac_cv_env_CFLAGS_value=-DMAX_CPUS=8
ac_cv_env_CPPFLAGS_set=
ac_cv_env_CPPFLAGS_value=
ac_cv_env_CPP_set=
ac_cv_env_CPP_value=
ac_cv_env_LDFLAGS_set=
ac_cv_env_LDFLAGS_value=
ac_cv_env_LIBS_set=
ac_cv_env_LIBS_value=
ac_cv_env_build_alias_set=
ac_cv_env_build_alias_value=
ac_cv_env_host_alias_set=
ac_cv_env_host_alias_value=
ac_cv_env_target_alias_set=
ac_cv_env_target_alias_value=
ac_cv_func_bzero=yes
ac_cv_func_clock_gettime=yes
ac_cv_func_getpagesize=yes
ac_cv_func_gettimeofday=yes
ac_cv_func_malloc_0_nonnull=yes
ac_cv_func_memmove=yes
ac_cv_func_memset=yes
ac_cv_func_mmap_fixed_mapped=yes
ac_cv_func_munmap=yes
ac_cv_func_select=yes
ac_cv_func_socket=yes
ac_cv_func_strchr=yes
ac_cv_func_strerror=yes
ac_cv_func_strstr=yes
ac_cv_func_strtol=yes
ac_cv_header_arpa_inet_h=yes
ac_cv_header_fcntl_h=yes
ac_cv_header_gmp_h=yes
ac_cv_header_inttypes_h=yes
ac_cv_header_limits_h=yes
ac_cv_header_linux_sched_h=yes
ac_cv_header_memory_h=yes
ac_cv_header_netdb_h=yes
ac_cv_header_netinet_in_h=yes
ac_cv_header_numa_h=yes
ac_cv_header_pthread_h=yes
ac_cv_header_stdc=yes
ac_cv_header_stdint_h=yes
ac_cv_header_stdlib_h=yes
ac_cv_header_string_h=yes
ac_cv_header_strings_h=yes
ac_cv_header_sys_ioctl_h=yes
ac_cv_header_sys_param_h=yes
ac_cv_header_sys_socket_h=yes
ac_cv_header_sys_stat_h=yes
ac_cv_header_sys_time_h=yes
ac_cv_header_sys_types_h=yes
ac_cv_header_unistd_h=yes
ac_cv_objext=o
ac_cv_path_EGREP='/bin/grep -E'
ac_cv_path_GREP=/bin/grep
ac_cv_path_install='/usr/bin/install -c'
ac_cv_path_mkdir=/bin/mkdir
ac_cv_prog_AWK=gawk
ac_cv_prog_BC_CHECK=yes
ac_cv_prog_CPP='gcc -E'
ac_cv_prog_ac_ct_CC=gcc
ac_cv_prog_ac_ct_RANLIB=ranlib
ac_cv_prog_cc_c89=
ac_cv_prog_cc_g=yes
ac_cv_prog_make_make_set=yes
ac_cv_type_pid_t=yes
ac_cv_type_size_t=yes
ac_cv_type_ssize_t=yes
am_cv_CC_dependencies_compiler_type=none
am_cv_make_support_nested_variables=yes
am_cv_prog_cc_c_o=yes

## ----------------- ##
## Output variables. ##
## ----------------- ##

ACLOCAL='${SHELL} /root/ws/nw/tmp/dsa-accelerated-mtcp/mtcp_vq/missing aclocal-1.15'
AMDEPBACKSLASH='\'
AMDEP_FALSE='#'
AMDEP_TRUE=''
AMTAR='$${TAR-tar}'
AM_BACKSLASH='\'
AM_DEFAULT_V='$(AM_DEFAULT_VERBOSITY)'
AM_DEFAULT_VERBOSITY='1'
AM_V='$(V)'
AUTOCONF='${SHELL} /root/ws/nw/tmp/dsa-accelerated-mtcp/mtcp_vq/missing autoconf'
AUTOHEADER='${SHELL} /root/ws/nw/tmp/dsa-accelerated-mtcp/mtcp_vq/missing autoheader'
AUTOMAKE='${SHELL} /root/ws/nw/tmp/dsa-accelerated-mtcp/mtcp_vq/missing automake-1.15'
AWK='gawk'
BC_CHECK='yes'
CC='gcc'
CCDEPMODE='depmode=none'
CCP=''
CFLAGS='-DMAX_CPUS=8'
CPP='gcc -E'
CPPFLAGS=''
CYGPATH_W='echo'
DEFS='-DHAVE_CONFIG_H'
DEPDIR='.deps'
DPDK='1'
DPDKLIBPATH='/root/ws/nw/dsa-accelerated-mtcp/mtcp/dpdk/x86_64-native-linuxapp-gcc'
DPDK_FALSE='#'
DPDK_TRUE=''
ECHO_C=''
ECHO_N='-n'
ECHO_T=''
EGREP='/bin/grep -E'
ENFORCE_RX_IDLE='0'
EXEEXT=''
GREP='/bin/grep'
HWCSUM='1'
INSTALL_DATA='${INSTALL} -m 644'
INSTALL_PROGRAM='${INSTALL}'
INSTALL_SCRIPT='${INSTALL}'
INSTALL_STRIP_PROGRAM='$(install_sh) -c -s'
LDFLAGS=''
LIBOBJS=''
LIBS=''
LRO='0'
LTLIBOBJS=''
MAKEINFO='${SHELL} /root/ws/nw/tmp/dsa-accelerated-mtcp/mtcp_vq/missing makeinfo'
MKDIR_P='/bin/mkdir -p'
NETMAP='0'
OBJEXT='o'
ONVM='0'
ONVMLIBPATH=''
PACKAGE='mtcp'
PACKAGE_BUGREPORT='mtcp-user@list.ndsl.kaist.edu'
PACKAGE_NAME='mtcp'
PACKAGE_STRING='mtcp 3'
PACKAGE_TARNAME='mtcp'
PACKAGE_URL=''
PACKAGE_VERSION='3'
PATH_SEPARATOR=':'
PSIO='0'
PSLIBPATH=''
RANLIB='ranlib'
RX_IDLE_THRESH='0'
SET_MAKE=''
SHELL='/bin/bash'
STRIP=''
VERSION='3'
ac_ct_CC='gcc'
am__EXEEXT_FALSE=''
am__EXEEXT_TRUE='#'
am__fastdepCC_FALSE=''
am__fastdepCC_TRUE='#'
am__include='include'
am__isrc=''
am__leading_dot='.'
am__nodep='_no'
am__quote=''
am__tar='$${TAR-tar} chof - "$$tardir"'
am__untar='$${TAR-tar} xf -'
bindir='${exec_prefix}/bin'
build_alias=''
datadir='${datarootdir}'
datarootdir='${prefix}/share'
docdir='${datarootdir}/doc/${PACKAGE_TARNAME}'
dvidir='${docdir}'
exec_prefix='${prefix}'
host_alias=''
htmldir='${docdir}'
includedir='${prefix}/include'
infodir='${datarootdir}/info'
install_sh='${SHELL} /root/ws/nw/tmp/dsa-accelerated-mtcp/mtcp_vq/install-sh'
libdir='${exec_prefix}/lib'
libexecdir='${exec_prefix}/libexec'
localedir='${datarootdir}/locale'
localstatedir='${prefix}/var'
mandir='${datarootdir}/man'
mkdir_p='$(MKDIR_P)'
oldincludedir='/usr/include'
pdfdir='${docdir}'
prefix='/usr/local'
program_transform_name='s,x,x,'
psdir='${docdir}'
runstatedir='${localstatedir}/run'
sbindir='${exec_prefix}/sbin'
sharedstatedir='${prefix}/com'
sysconfdir='${prefix}/etc'
target_alias=''

## ----------- ##
## confdefs.h. ##
## ----------- ##

/* confdefs.h */
#define PACKAGE_NAME "mtcp"
#define PACKAGE_TARNAME "mtcp"
#define PACKAGE_VERSION "3"
#define PACKAGE_STRING "mtcp 3"
#define PACKAGE_BUGREPORT "mtcp-user@list.ndsl.kaist.edu"
#define PACKAGE_URL ""
#define STDC_HEADERS 1
#define HAVE_SYS_TYPES_H 1
#define HAVE_SYS_STAT_H 1
#define HAVE_STDLIB_H 1
#define HAVE_STRING_H 1
#define HAVE_MEMORY_H 1
#define HAVE_STRINGS_H 1
#define HAVE_INTTYPES_H 1
#define HAVE_STDINT_H 1
#define HAVE_UNISTD_H 1
#define HAVE_STDLIB_H 1
#define HAVE_MALLOC 1
#define HAVE_STDLIB_H 1
#define HAVE_UNISTD_H 1
#define HAVE_SYS_PARAM_H 1
#define HAVE_GETPAGESIZE 1
#define HAVE_MMAP 1
#define HAVE_BZERO 1
#define HAVE_GETPAGESIZE 1
#define HAVE_GETTIMEOFDAY 1
#define HAVE_MEMMOVE 1
#define HAVE_MEMSET 1
#define HAVE_MUNMAP 1
#define HAVE_SELECT 1
#define HAVE_SOCKET 1
#define HAVE_STRCHR 1
#define HAVE_STRERROR 1
#define HAVE_STRSTR 1
#define HAVE_STRTOL 1
#define PACKAGE "mtcp"
#define VERSION "3"

configure: exit 0

## ---------------------- ##
## Running config.status. ##
## ---------------------- ##

This file was extended by mtcp config.status 3, which was
generated by GNU Autoconf 2.69.  Invocation command line was

  CONFIG_FILES    = 
  CONFIG_HEADERS  = 
  CONFIG_LINKS    = 
  CONFIG_COMMANDS = 
  $ ./config.status 

on icx23

config.status:893: creating Makefile
config.status:893: creating mtcp/src/Makefile
config.status:893: creating apps/example/Makefile
config.status:893: creating apps/perf/Makefile
config.status:893: creating util/Makefile
config.status:893: creating io_engine/lib/Makefile
config.status:893: creating config.h
config.status:1074: config.h is unchanged
config.status:1122: executing depfiles commands
